LOCAL RUN WITH THE OPTION:

(bigscape) sf373@LAPTOP-7RMLPR2D:~/sf373/BiG-SCAPE$ python3 bigscape.py -i input/ --pfam_dir pfam/ -o test/  --include_gbk_str G --mibig


   - - Processing input files - -
 Output folder already exists
 Including files with one or more of the following strings in their filename: 'G'
 Skipping files with one or more of the following strings in their filename: 'final'

 Trying to read bundled MIBiG BGCs as reference
  MIBiG BGCs seem to have been extracted already

Importing MIBiG files
  Warning: Input set has files with no Biosynthetic Genes (affects alignment mode)
   See no_biosynthetic_genes_list.txt

 Starting with 2502 files
 Files that had its sequence extracted: 2502

Importing GenBank files
  Warning: unknown product 'hydrogen-cyanide'

 Starting with 2 files
 Files that had its sequence extracted: 2

Creating output directories

Trying threading on 8 cores

Predicting domains using hmmscan
 Predicting domains for 2504 fasta files
 Finished generating domtable files.

Parsing hmmscan domtable files
 Processing 2504 domtable files
  No domains where found in BGC0000492.domtable. Removing it from further analysis
Traceback (most recent call last):
  File "bigscape.py", line 3333, in <module>
    main()
  File "bigscape.py", line 2522, in main
    parseHmmScan(domtableFile, pfd_folder, pfs_folder, options.domain_overlap_cutoff)
  File "bigscape.py", line 1294, in parseHmmScan
    info = genbankDict.get(outputbase)
NameError: name 'genbankDict' is not defined

LOCAL RUN WITH FIX .py:

(bigscape) sf373@LAPTOP-7RMLPR2D:~/sf373/BiG-SCAPE$ python3 bigscape.py -i input/ --pfam_dir pfam/ -o out/  --include_gbk_str G --mibig
 

   - - Processing input files - -
 Output folder already exists
 Logs folder already exists
 Cache folder already exists
 BGC fastas folder already exists
 Domtable folder already exists
 Domains folder already exists
 pfs folder already exists
 pfd folder already exists
 Including files with one or more of the following strings in their filename: 'G'
 Skipping files with one or more of the following strings in their filename: 'final'

 Trying to read bundled MIBiG BGCs as reference
  MIBiG BGCs seem to have been extracted already

Importing MIBiG files
  Warning: Input set has files with no Biosynthetic Genes (affects alignment mode)
   See no_biosynthetic_genes_list.txt

 Starting with 2502 files
 Files that had its sequence extracted: 2502

Importing GenBank files
  Warning: unknown product 'hydrogen-cyanide'

 Starting with 2 files
 Files that had its sequence extracted: 0

Creating output directories
 SVG folder already exists
 Networks folder already exists

Trying threading on 8 cores

Predicting domains using hmmscan
 Warning: 2502 NEW fasta files will be processed
 Finished generating domtable files.

Parsing hmmscan domtable files
 Warning: 2502 domtable files will be processed
  No domains where found in BGC0000493.domtable. Removing it from further analysis
  No domains where found in BGC0000505.domtable. Removing it from further analysis
  No domains where found in BGC0002249.domtable. Removing it from further analysis
  No domains where found in BGC0001680.domtable. Removing it from further analysis
  No domains where found in BGC0000492.domtable. Removing it from further analysis
 New domain sequences to be added; cleaning domains folder
 Finished generating pfs and pfd files.

Processing domains sequence files
 Adding sequences to corresponding domains file
 Reading the ordered list of domains from the pfs files
 Creating arrower-like figures for each BGC
  Parsing hmm file for domain information
    Done
  Found file with domains colors
  Reading BGC information and writing SVG
 Finished creating figures


   - - Calculating distance matrix - -
Performing multiple alignment of domain sequences

 Using hmmalign
launch_hmmalign took 170.802 seconds
 Trying to read domain alignments (*.algn files)

Generating distance network files with ALL available input files
   Writing the complete Annotations file for the complete set

 Working for each BGC class
  Sorting the input BGCs

  Warning: unknown product 'hydrogen-cyanide'

  PKSI (388 BGCs)
 - All clusters in this class are MIBiG clusters -
  If you'd like to analyze MIBiG clusters, turn off the --mibig option
  and point --inputdir to the Annotated_MIBiG_reference folder

  Others (751 BGCs)
   Writing annotation files
   Calculating all pairwise distances
generate_network took 23.888 seconds
   Removing 750 non-relevant MIBiG BGCs

  Saccharides (72 BGCs)
 - All clusters in this class are MIBiG clusters -
  If you'd like to analyze MIBiG clusters, turn off the --mibig option
  and point --inputdir to the Annotated_MIBiG_reference folder

  PKS-NRP_Hybrids (392 BGCs)
 - All clusters in this class are MIBiG clusters -
  If you'd like to analyze MIBiG clusters, turn off the --mibig option
  and point --inputdir to the Annotated_MIBiG_reference folder

  NRPS (905 BGCs)
 - All clusters in this class are MIBiG clusters -
  If you'd like to analyze MIBiG clusters, turn off the --mibig option
  and point --inputdir to the Annotated_MIBiG_reference folder

  PKSother (658 BGCs)
 - All clusters in this class are MIBiG clusters -
  If you'd like to analyze MIBiG clusters, turn off the --mibig option
  and point --inputdir to the Annotated_MIBiG_reference folder

  RiPPs (312 BGCs)
   Writing annotation files
   Calculating all pairwise distances
generate_network took 2.734 seconds
   Removing 311 non-relevant MIBiG BGCs

  Terpene (126 BGCs)
 - All clusters in this class are MIBiG clusters -
  If you'd like to analyze MIBiG clusters, turn off the --mibig option
  and point --inputdir to the Annotated_MIBiG_reference folder


        Main function took 2854.424 s
(bigscape) sf373@LAPTOP-7RMLPR2D:~/sf373/BiG-SCAPE$ 